Determining if the pthread_create exist failed with the following output:
Change Dir: /home/ibrahim/catkin_ws/build/CMakeFiles/CMakeTmp

Run Build Command:"/usr/bin/make" "cmTC_de69d/fast"
/usr/bin/make -f CMakeFiles/cmTC_de69d.dir/build.make CMakeFiles/cmTC_de69d.dir/build
make[1]: Entering directory '/home/ibrahim/catkin_ws/build/CMakeFiles/CMakeTmp'
Building C object CMakeFiles/cmTC_de69d.dir/CheckSymbolExists.c.o
/usr/bin/cc    -o CMakeFiles/cmTC_de69d.dir/CheckSymbolExists.c.o   -c /home/ibrahim/catkin_ws/build/CMakeFiles/CMakeTmp/CheckSymbolExists.c
Linking C executable cmTC_de69d
/usr/bin/cmake -E cmake_link_script CMakeFiles/cmTC_de69d.dir/link.txt --verbose=1
/usr/bin/cc      -rdynamic CMakeFiles/cmTC_de69d.dir/CheckSymbolExists.c.o  -o cmTC_de69d 
CMakeFiles/cmTC_de69d.dir/CheckSymbolExists.c.o: In function `main':
CheckSymbolExists.c:(.text+0x1b): undefined reference to `pthread_create'
collect2: error: ld returned 1 exit status
CMakeFiles/cmTC_de69d.dir/build.make:97: recipe for target 'cmTC_de69d' failed
make[1]: *** [cmTC_de69d] Error 1
make[1]: Leaving directory '/home/ibrahim/catkin_ws/build/CMakeFiles/CMakeTmp'
Makefile:126: recipe for target 'cmTC_de69d/fast' failed
make: *** [cmTC_de69d/fast] Error 2

File /home/ibrahim/catkin_ws/build/CMakeFiles/CMakeTmp/CheckSymbolExists.c:
/* */
#include <pthread.h>

int main(int argc, char** argv)
{
  (void)argv;
#ifndef pthread_create
  return ((int*)(&pthread_create))[argc];
#else
  (void)argc;
  return 0;
#endif
}

Determining if the function pthread_create exists in the pthreads failed with the following output:
Change Dir: /home/ibrahim/catkin_ws/build/CMakeFiles/CMakeTmp

Run Build Command:"/usr/bin/make" "cmTC_22904/fast"
/usr/bin/make -f CMakeFiles/cmTC_22904.dir/build.make CMakeFiles/cmTC_22904.dir/build
make[1]: Entering directory '/home/ibrahim/catkin_ws/build/CMakeFiles/CMakeTmp'
Building C object CMakeFiles/cmTC_22904.dir/CheckFunctionExists.c.o
/usr/bin/cc   -DCHECK_FUNCTION_EXISTS=pthread_create   -o CMakeFiles/cmTC_22904.dir/CheckFunctionExists.c.o   -c /usr/share/cmake-3.10/Modules/CheckFunctionExists.c
Linking C executable cmTC_22904
/usr/bin/cmake -E cmake_link_script CMakeFiles/cmTC_22904.dir/link.txt --verbose=1
/usr/bin/cc  -DCHECK_FUNCTION_EXISTS=pthread_create    -rdynamic CMakeFiles/cmTC_22904.dir/CheckFunctionExists.c.o  -o cmTC_22904 -lpthreads 
/usr/bin/ld: cannot find -lpthreads
collect2: error: ld returned 1 exit status
CMakeFiles/cmTC_22904.dir/build.make:97: recipe for target 'cmTC_22904' failed
make[1]: *** [cmTC_22904] Error 1
make[1]: Leaving directory '/home/ibrahim/catkin_ws/build/CMakeFiles/CMakeTmp'
Makefile:126: recipe for target 'cmTC_22904/fast' failed
make: *** [cmTC_22904/fast] Error 2


